C:\Program Files (x86)\Microsoft Visual Studio\2017\Community\Common7\IDE\VC\VCTargets\Microsoft.CppBuild.targets(377,5): warning MSB8004: Output 目录未以斜杠结尾。  此生成实例将添加斜杠，因为必须有这个斜杠才能正确计算 Output 目录。
  imgstichingGMS.cpp
e:\papertest2\include\opencv2\core\mat.hpp(1964): warning C4819: 该文件包含不能在当前代码页(936)中表示的字符。请将该文件保存为 Unicode 格式以防止数据丢失
e:\papertest2\include\opencv2\core\persistence.hpp : warning C4819: 该文件包含不能在当前代码页(936)中表示的字符。请将该文件保存为 Unicode 格式以防止数据丢失
e:\papertest2\include\opencv2\core\utility.hpp : warning C4819: 该文件包含不能在当前代码页(936)中表示的字符。请将该文件保存为 Unicode 格式以防止数据丢失
e:\papertest2\include\opencv2\core\utility.hpp : warning C4819: 该文件包含不能在当前代码页(936)中表示的字符。请将该文件保存为 Unicode 格式以防止数据丢失
e:\papertest2\imagestitching\imgstiching_gms\imgstichinggms.cpp(52): warning C4244: “=”: 从“double”转换到“_Tp”，可能丢失数据
          with
          [
              _Tp=float
          ]
e:\papertest2\imagestitching\imgstiching_gms\imgstichinggms.cpp(53): warning C4244: “=”: 从“double”转换到“_Tp”，可能丢失数据
          with
          [
              _Tp=float
          ]
e:\papertest2\imagestitching\imgstiching_gms\imgstichinggms.cpp(62): warning C4244: “=”: 从“double”转换到“_Tp”，可能丢失数据
          with
          [
              _Tp=float
          ]
e:\papertest2\imagestitching\imgstiching_gms\imgstichinggms.cpp(63): warning C4244: “=”: 从“double”转换到“_Tp”，可能丢失数据
          with
          [
              _Tp=float
          ]
e:\papertest2\imagestitching\imgstiching_gms\imgstichinggms.cpp(72): warning C4244: “=”: 从“double”转换到“_Tp”，可能丢失数据
          with
          [
              _Tp=float
          ]
e:\papertest2\imagestitching\imgstiching_gms\imgstichinggms.cpp(73): warning C4244: “=”: 从“double”转换到“_Tp”，可能丢失数据
          with
          [
              _Tp=float
          ]
e:\papertest2\imagestitching\imgstiching_gms\imgstichinggms.cpp(82): warning C4244: “=”: 从“double”转换到“_Tp”，可能丢失数据
          with
          [
              _Tp=float
          ]
e:\papertest2\imagestitching\imgstiching_gms\imgstichinggms.cpp(83): warning C4244: “=”: 从“double”转换到“_Tp”，可能丢失数据
          with
          [
              _Tp=float
          ]
e:\papertest2\imagestitching\imgstiching_gms\imgstichinggms.cpp(251): warning C4244: “初始化”: 从“float”转换到“int”，可能丢失数据
e:\papertest2\imagestitching\imgstiching_gms\imgstichinggms.cpp(275): warning C4244: “=”: 从“double”转换到“uchar”，可能丢失数据
e:\papertest2\imagestitching\imgstiching_gms\imgstichinggms.cpp(276): warning C4244: “=”: 从“double”转换到“uchar”，可能丢失数据
e:\papertest2\imagestitching\imgstiching_gms\imgstichinggms.cpp(277): warning C4244: “=”: 从“double”转换到“uchar”，可能丢失数据
  正在生成代码
  1 of 509 functions ( 0.2%) were compiled, the rest were copied from previous compilation.
    0 functions were new in current compilation
    1 functions had inline decision re-evaluated but remain unchanged
  已完成代码的生成
  ImgStiching_GMS.vcxproj -> E:\Papertest2\ImageStitching\ImgStiching_GMS\bin\imgstich.exe
