  main.cpp
e:\papertest2\include\opencv2\core\mat.hpp(1964): warning C4819: 该文件包含不能在当前代码页(936)中表示的字符。请将该文件保存为 Unicode 格式以防止数据丢失
e:\papertest2\include\opencv2\core\persistence.hpp : warning C4819: 该文件包含不能在当前代码页(936)中表示的字符。请将该文件保存为 Unicode 格式以防止数据丢失
e:\papertest2\include\opencv2\core\utility.hpp : warning C4819: 该文件包含不能在当前代码页(936)中表示的字符。请将该文件保存为 Unicode 格式以防止数据丢失
e:\papertest2\include\opencv2\core\utility.hpp : warning C4819: 该文件包含不能在当前代码页(936)中表示的字符。请将该文件保存为 Unicode 格式以防止数据丢失
e:\papertest2\imagestitching\sift_gpu\gms_matcher.h(147): warning C4244: “=”: 从“float”转换到“int”，可能丢失数据
e:\papertest2\imagestitching\sift_gpu\gms_matcher.h(148): warning C4244: “=”: 从“float”转换到“int”，可能丢失数据
e:\papertest2\imagestitching\sift_gpu\gms_matcher.h(156): warning C4244: “=”: 从“double”转换到“int”，可能丢失数据
e:\papertest2\imagestitching\sift_gpu\gms_matcher.h(157): warning C4244: “=”: 从“float”转换到“int”，可能丢失数据
e:\papertest2\imagestitching\sift_gpu\gms_matcher.h(165): warning C4244: “=”: 从“float”转换到“int”，可能丢失数据
e:\papertest2\imagestitching\sift_gpu\gms_matcher.h(166): warning C4244: “=”: 从“double”转换到“int”，可能丢失数据
e:\papertest2\imagestitching\sift_gpu\gms_matcher.h(174): warning C4244: “=”: 从“double”转换到“int”，可能丢失数据
e:\papertest2\imagestitching\sift_gpu\gms_matcher.h(175): warning C4244: “=”: 从“double”转换到“int”，可能丢失数据
e:\papertest2\imagestitching\sift_gpu\gms_matcher.h(186): warning C4244: “初始化”: 从“float”转换到“int”，可能丢失数据
e:\papertest2\imagestitching\sift_gpu\gms_matcher.h(187): warning C4244: “初始化”: 从“float”转换到“int”，可能丢失数据
e:\papertest2\imagestitching\sift_gpu\gms_matcher.h(232): warning C4244: “=”: 从“double”转换到“_Tp”，可能丢失数据
          with
          [
              _Tp=int
          ]
e:\papertest2\imagestitching\sift_gpu\gms_matcher.h(233): warning C4244: “=”: 从“double”转换到“_Tp”，可能丢失数据
          with
          [
              _Tp=int
          ]
e:\papertest2\imagestitching\sift_gpu\gms_matcher.h(419): warning C4244: “初始化”: 从“_Tp”转换到“int”，可能丢失数据
          with
          [
              _Tp=double
          ]
e:\papertest2\imagestitching\sift_gpu\main.cpp(22): warning C4267: “初始化”: 从“size_t”转换到“int”，可能丢失数据
  正在生成代码
  All 838 functions were compiled because no usable IPDB/IOBJ from previous compilation was found.
  已完成代码的生成
  SIFT_GPU.vcxproj -> E:\Papertest2\ImageStitching\SIFT_GPU\x64\Release\SIFT_GPU.exe
