e:\papertest2\imagestitching\imagestiching\x64\debug\vc141.pdb
e:\papertest2\imagestitching\imagestiching\x64\debug\vc141.idb
e:\papertest2\imagestitching\imagestiching\x64\debug\siftdetector.obj
e:\papertest2\imagestitching\imagestiching\x64\debug\main.obj
e:\papertest2\imagestitching\imagestiching\x64\debug\imagestitching.obj
e:\papertest2\imagestitching\imagestiching\x64\debug\gcptransformer.obj
e:\papertest2\imagestitching\imagestiching\x64\debug\gadlread.obj
e:\papertest2\imagestitching\imagestiching\x64\debug\drawdelaunay.obj
e:\papertest2\imagestitching\imagestiching\x64\debug\gdalopencv.obj
e:\papertest2\imagestitching\imagestiching\bin\imgstiching_d.lib
e:\papertest2\imagestitching\imagestiching\bin\imgstiching_d.exp
e:\papertest2\imagestitching\imagestiching\bin\imgstiching_d.exe
e:\papertest2\imagestitching\imagestiching\bin\imgstiching_d.ilk
e:\papertest2\imagestitching\imagestiching\bin\imgstiching_d.pdb
e:\papertest2\imagestitching\imagestiching\x64\debug\imagestiching.tlog\cl.command.1.tlog
e:\papertest2\imagestitching\imagestiching\x64\debug\imagestiching.tlog\cl.read.1.tlog
e:\papertest2\imagestitching\imagestiching\x64\debug\imagestiching.tlog\cl.write.1.tlog
e:\papertest2\imagestitching\imagestiching\x64\debug\imagestiching.tlog\imagestiching.write.1u.tlog
e:\papertest2\imagestitching\imagestiching\x64\debug\imagestiching.tlog\link.command.1.tlog
e:\papertest2\imagestitching\imagestiching\x64\debug\imagestiching.tlog\link.read.1.tlog
e:\papertest2\imagestitching\imagestiching\x64\debug\imagestiching.tlog\link.write.1.tlog
